<?xml version="1.0" encoding="UTF-8"?>
<!-- Generated by org.testng.reporters.JUnitReportReporter -->
<testsuite hostname="DESKTOP-VBQOST8" failures="0" tests="4" name="PracticeProgram.Dp1" time="0.028" errors="0" timestamp="2022-11-10T17:18:06 IST" skipped="0">
  <testcase classname="PracticeProgram.Dp1" name="test1" time="0.004"/>
  <system-out/>
  <testcase classname="PracticeProgram.Dp1" name="test1" time="0.018"/>
  <system-out/>
  <testcase classname="PracticeProgram.Dp1" name="test1" time="0.003"/>
  <system-out/>
  <testcase classname="PracticeProgram.Dp1" name="test1" time="0.003"/>
  <system-out/>
</testsuite> <!-- PracticeProgram.Dp1 -->
