<?xml version="1.0" encoding="UTF-8"?>
<!-- Generated by org.testng.reporters.JUnitReportReporter -->
<testsuite hostname="DESKTOP-VBQOST8" failures="0" tests="3" name="PracticeProgram.DP_2" time="0.043" errors="0" timestamp="2022-11-15T09:48:30 IST" skipped="0">
  <testcase classname="PracticeProgram.DP_2" name="addPhonesToCartTest" time="0.004"/>
  <system-out/>
  <testcase classname="PracticeProgram.DP_2" name="addPhonesToCartTest" time="0.004"/>
  <system-out/>
  <testcase classname="PracticeProgram.DP_2" name="addPhonesToCartTest" time="0.035"/>
  <system-out/>
</testsuite> <!-- PracticeProgram.DP_2 -->
