<?xml version="1.0" encoding="UTF-8"?>
<!-- Generated by org.testng.reporters.JUnitReportReporter -->
<testsuite hostname="DESKTOP-VBQOST8" failures="0" tests="1" name="Maven_Parameters.LoginPageTest" time="0.023" errors="0" timestamp="2022-11-15T15:11:38 IST" skipped="0">
  <testcase classname="Maven_Parameters.LoginPageTest" name="loginCredentials" time="0.023"/>
  <system-out/>
</testsuite> <!-- Maven_Parameters.LoginPageTest -->
