<?xml version="1.0" encoding="UTF-8"?>
<!-- Generated by org.testng.reporters.JUnitReportReporter -->
<testsuite hostname="DESKTOP-VBQOST8" failures="0" tests="1" name="Maven_Parameters.LogoutPageTest" time="0.003" errors="0" timestamp="2022-11-15T12:58:51 IST" skipped="0">
  <testcase classname="Maven_Parameters.LogoutPageTest" name="LogoutPageDisplay" time="0.003"/>
  <system-out/>
</testsuite> <!-- Maven_Parameters.LogoutPageTest -->
