<?xml version="1.0" encoding="UTF-8"?>
<!-- Generated by org.testng.reporters.JUnitReportReporter -->
<testsuite hostname="DESKTOP-VBQOST8" failures="0" tests="1" name="Maven_Parameters.HomePageTest" time="0.030" errors="0" timestamp="2022-11-15T12:58:51 IST" skipped="0">
  <testcase classname="Maven_Parameters.HomePageTest" name="HomePageDisplay" time="0.030"/>
  <system-out/>
</testsuite> <!-- Maven_Parameters.HomePageTest -->
